<component>
  <dependencySets>
    <dependencySet>
      <scope>test</scope>
      <includes>
        <include>junit:junit</include>
      </includes>
    </dependencySet>
  </dependencySets>
  <fileSets>
    <fileSet>
      <includes>
        <include>LICENSE-junit.txt</include>
      </includes>
    </fileSet>
  </fileSets>
</component>